<?xml version="1.0" encoding="UTF-8"?>
<!-- Generated by org.testng.reporters.JUnitReportReporter -->
<testsuite hostname="DESKTOP-HCMDDC7" failures="0" tests="1" name="TestCases.HelpCenterPageTest" time="30.962" errors="0" timestamp="2023-09-14T05:28:52 BDT" skipped="0">
  <testcase classname="TestCases.HelpCenterPageTest" name="HTest" time="30.962"/>
  <system-out/>
</testsuite> <!-- TestCases.HelpCenterPageTest -->
